# JRE version: Java(TM) SE Runtime Environment (8.0_51-b16) (build 1.8.0_51-b16)
# Java VM: Java HotSpot(TM) 64-Bit Server VM (25.51-b03 mixed mode bsd-amd64 compressed oops)
Heap:
 PSYoungGen      total 37376K, used 30486K [0x0000000795580000, 0x0000000798080000, 0x00000007c0000000)
  eden space 31744K, 95% used [0x0000000795580000,0x00000007973258d0,0x0000000797480000)
  from space 5632K, 2% used [0x0000000797500000,0x0000000797520000,0x0000000797a80000)
  to   space 6144K, 0% used [0x0000000797a80000,0x0000000797a80000,0x0000000798080000)
 ParOldGen       total 87552K, used 4660K [0x0000000740000000, 0x0000000745580000, 0x0000000795580000)
  object space 87552K, 5% used [0x0000000740000000,0x000000074048d090,0x0000000745580000)
 Metaspace       used 7755K, capacity 8042K, committed 8192K, reserved 1056768K
  class space    used 873K, capacity 994K, committed 1024K, reserved 1048576K
GC Heap History (10 events):
Event: 875.359 GC heap before
{Heap before GC invocations=3 (full 0):
 PSYoungGen      total 38400K, used 37936K [0x0000000795580000, 0x0000000798000000, 0x00000007c0000000)
  eden space 33280K, 100% used [0x0000000795580000,0x0000000797600000,0x0000000797600000)
  from space 5120K, 90% used [0x0000000797b00000,0x0000000797f8c050,0x0000000798000000)
  to   space 5120K, 0% used [0x0000000797600000,0x0000000797600000,0x0000000797b00000)
 ParOldGen       total 87552K, used 24K [0x0000000740000000, 0x0000000745580000, 0x0000000795580000)
  object space 87552K, 0% used [0x0000000740000000,0x0000000740006000,0x0000000745580000)
 Metaspace       used 7688K, capacity 7946K, committed 8192K, reserved 1056768K
  class space    used 859K, capacity 962K, committed 1024K, reserved 1048576K
Event: 875.362 GC heap after
Heap after GC invocations=3 (full 0):
 PSYoungGen      total 38400K, used 2272K [0x0000000795580000, 0x0000000798000000, 0x00000007c0000000)
  eden space 33280K, 0% used [0x0000000795580000,0x0000000795580000,0x0000000797600000)
  from space 5120K, 44% used [0x0000000797600000,0x0000000797838020,0x0000000797b00000)
  to   space 5120K, 0% used [0x0000000797b00000,0x0000000797b00000,0x0000000798000000)
 ParOldGen       total 87552K, used 32K [0x0000000740000000, 0x0000000745580000, 0x0000000795580000)
  object space 87552K, 0% used [0x0000000740000000,0x0000000740008000,0x0000000745580000)
 Metaspace       used 7688K, capacity 7946K, committed 8192K, reserved 1056768K
  class space    used 859K, capacity 962K, committed 1024K, reserved 1048576K
}
Event: 1200.478 GC heap before
{Heap before GC invocations=4 (full 0):
 PSYoungGen      total 38400K, used 35552K [0x0000000795580000, 0x0000000798000000, 0x00000007c0000000)
  eden space 33280K, 100% used [0x0000000795580000,0x0000000797600000,0x0000000797600000)
  from space 5120K, 44% used [0x0000000797600000,0x0000000797838020,0x0000000797b00000)
  to   space 5120K, 0% used [0x0000000797b00000,0x0000000797b00000,0x0000000798000000)
 ParOldGen       total 87552K, used 32K [0x0000000740000000, 0x0000000745580000, 0x0000000795580000)
  object space 87552K, 0% used [0x0000000740000000,0x0000000740008000,0x0000000745580000)
 Metaspace       used 7688K, capacity 7946K, committed 8192K, reserved 1056768K
  class space    used 859K, capacity 962K, committed 1024K, reserved 1048576K
Event: 1200.480 GC heap after
Heap after GC invocations=4 (full 0):
 PSYoungGen      total 38400K, used 2272K [0x0000000795580000, 0x0000000798000000, 0x00000007c0000000)
  eden space 33280K, 0% used [0x0000000795580000,0x0000000795580000,0x0000000797600000)
  from space 5120K, 44% used [0x0000000797b00000,0x0000000797d38020,0x0000000798000000)
  to   space 5120K, 0% used [0x0000000797600000,0x0000000797600000,0x0000000797b00000)
 ParOldGen       total 87552K, used 32K [0x0000000740000000, 0x0000000745580000, 0x0000000795580000)
  object space 87552K, 0% used [0x0000000740000000,0x0000000740008000,0x0000000745580000)
 Metaspace       used 7688K, capacity 7946K, committed 8192K, reserved 1056768K
  class space    used 859K, capacity 962K, committed 1024K, reserved 1048576K
}
Event: 1523.951 GC heap before
{Heap before GC invocations=5 (full 0):
 PSYoungGen      total 38400K, used 35552K [0x0000000795580000, 0x0000000798000000, 0x00000007c0000000)
  eden space 33280K, 100% used [0x0000000795580000,0x0000000797600000,0x0000000797600000)
  from space 5120K, 44% used [0x0000000797b00000,0x0000000797d38020,0x0000000798000000)
  to   space 5120K, 0% used [0x0000000797600000,0x0000000797600000,0x0000000797b00000)
 ParOldGen       total 87552K, used 32K [0x0000000740000000, 0x0000000745580000, 0x0000000795580000)
  object space 87552K, 0% used [0x0000000740000000,0x0000000740008000,0x0000000745580000)
 Metaspace       used 7688K, capacity 7946K, committed 8192K, reserved 1056768K
  class space    used 859K, capacity 962K, committed 1024K, reserved 1048576K
Event: 1523.954 GC heap after
Heap after GC invocations=5 (full 0):
 PSYoungGen      total 37888K, used 2272K [0x0000000795580000, 0x0000000798080000, 0x00000007c0000000)
  eden space 32768K, 0% used [0x0000000795580000,0x0000000795580000,0x0000000797580000)
  from space 5120K, 44% used [0x0000000797600000,0x0000000797838020,0x0000000797b00000)
  to   space 5632K, 0% used [0x0000000797b00000,0x0000000797b00000,0x0000000798080000)
 ParOldGen       total 87552K, used 32K [0x0000000740000000, 0x0000000745580000, 0x0000000795580000)
  object space 87552K, 0% used [0x0000000740000000,0x0000000740008000,0x0000000745580000)
 Metaspace       used 7688K, capacity 7946K, committed 8192K, reserved 1056768K
  class space    used 859K, capacity 962K, committed 1024K, reserved 1048576K
}
Event: 1845.783 GC heap before
{Heap before GC invocations=6 (full 0):
 PSYoungGen      total 37888K, used 35040K [0x0000000795580000, 0x0000000798080000, 0x00000007c0000000)
  eden space 32768K, 100% used [0x0000000795580000,0x0000000797580000,0x0000000797580000)
  from space 5120K, 44% used [0x0000000797600000,0x0000000797838020,0x0000000797b00000)
  to   space 5632K, 0% used [0x0000000797b00000,0x0000000797b00000,0x0000000798080000)
 ParOldGen       total 87552K, used 32K [0x0000000740000000, 0x0000000745580000, 0x0000000795580000)
  object space 87552K, 0% used [0x0000000740000000,0x0000000740008000,0x0000000745580000)
 Metaspace       used 7688K, capacity 7946K, committed 8192K, reserved 1056768K
  class space    used 859K, capacity 962K, committed 1024K, reserved 1048576K
Event: 1845.786 GC heap after
Heap after GC invocations=6 (full 0):
 PSYoungGen      total 37376K, used 2224K [0x0000000795580000, 0x0000000798000000, 0x00000007c0000000)
  eden space 32256K, 0% used [0x0000000795580000,0x0000000795580000,0x0000000797500000)
  from space 5120K, 43% used [0x0000000797b00000,0x0000000797d2c030,0x0000000798000000)
  to   space 5632K, 0% used [0x0000000797500000,0x0000000797500000,0x0000000797a80000)
 ParOldGen       total 87552K, used 32K [0x0000000740000000, 0x0000000745580000, 0x0000000795580000)
  object space 87552K, 0% used [0x0000000740000000,0x0000000740008000,0x0000000745580000)
 Metaspace       used 7688K, capacity 7946K, committed 8192K, reserved 1056768K
  class space    used 859K, capacity 962K, committed 1024K, reserved 1048576K
}
Event: 2162.736 GC heap before
{Heap before GC invocations=7 (full 0):
 PSYoungGen      total 37376K, used 34480K [0x0000000795580000, 0x0000000798000000, 0x00000007c0000000)
  eden space 32256K, 100% used [0x0000000795580000,0x0000000797500000,0x0000000797500000)
  from space 5120K, 43% used [0x0000000797b00000,0x0000000797d2c030,0x0000000798000000)
  to   space 5632K, 0% used [0x0000000797500000,0x0000000797500000,0x0000000797a80000)
 ParOldGen       total 87552K, used 32K [0x0000000740000000, 0x0000000745580000, 0x0000000795580000)
  object space 87552K, 0% used [0x0000000740000000,0x0000000740008000,0x0000000745580000)
 Metaspace       used 7754K, capacity 8042K, committed 8192K, reserved 1056768K
  class space    used 873K, capacity 994K, committed 1024K, reserved 1048576K
Event: 2162.741 GC heap after
Heap after GC invocations=7 (full 0):
 PSYoungGen      total 37376K, used 128K [0x0000000795580000, 0x0000000798080000, 0x00000007c0000000)
  eden space 31744K, 0% used [0x0000000795580000,0x0000000795580000,0x0000000797480000)
  from space 5632K, 2% used [0x0000000797500000,0x0000000797520000,0x0000000797a80000)
  to   space 6144K, 0% used [0x0000000797a80000,0x0000000797a80000,0x0000000798080000)
 ParOldGen       total 87552K, used 4660K [0x0000000740000000, 0x0000000745580000, 0x0000000795580000)
  object space 87552K, 5% used [0x0000000740000000,0x000000074048d090,0x0000000745580000)
 Metaspace       used 7754K, capacity 8042K, committed 8192K, reserved 1056768K
  class space    used 873K, capacity 994K, committed 1024K, reserved 1048576K
}

